   Compiling test_interpreter v0.1.0 (/home/data/Data/org/HSE/ВКР/test_interpreter)
warning: unused import: `crate::interpreter::interpreter::Interpreter`
 --> src/interpreter/error/mod.rs:2:5
  |
2 | use crate::interpreter::interpreter::Interpreter;
  |     ^^^^^^^^^^^^^^^^^^^^^^^^^^^^^^^^^^^^^^^^^^^^
  |
  = note: `#[warn(unused_imports)]` on by default

warning: unused import: `super::*`
   --> src/interpreter/error/mod.rs:151:9
    |
151 |     use super::*;
    |         ^^^^^^^^

warning: unused import: `crate::interpreter::error::Error`
 --> src/interpreter/environment/environment.rs:5:5
  |
5 | use crate::interpreter::error::Error;
  |     ^^^^^^^^^^^^^^^^^^^^^^^^^^^^^^^^

warning: unused import: `crate::interpreter::error::Error`
 --> src/interpreter/environment/environment_arena.rs:3:5
  |
3 | use crate::interpreter::error::Error;
  |     ^^^^^^^^^^^^^^^^^^^^^^^^^^^^^^^^

error[E0277]: can't compare `std::vec::Vec<interpreter::value::Value>` with `std::result::Result<std::vec::Vec<interpreter::value::Value>, ()>`
   --> src/interpreter/cons/cons_arena.rs:218:13
    |
218 | /             assert_eq!(
219 | |                 vec!(
220 | |                     Value::Integer(1),
221 | |                     Value::Integer(2),
...   |
224 | |                 result_vector
225 | |             );
    | |______________^ no implementation for `std::vec::Vec<interpreter::value::Value> == std::result::Result<std::vec::Vec<interpreter::value::Value>, ()>`
    |
    = help: the trait `std::cmp::PartialEq<std::result::Result<std::vec::Vec<interpreter::value::Value>, ()>>` is not implemented for `std::vec::Vec<interpreter::value::Value>`
    = note: this error originates in a macro outside of the current crate (in Nightly builds, run with -Z external-macro-backtrace for more info)

error[E0599]: no method named `last` found for type `std::result::Result<std::vec::Vec<interpreter::value::Value>, ()>` in the current scope
   --> src/interpreter/cons/cons_arena.rs:261:51
    |
261 |                 assert_eq!(&incorrect_cdr, result.last().unwrap());
    |                                                   ^^^^ method not found in `std::result::Result<std::vec::Vec<interpreter::value::Value>, ()>`
    |
    = note: the method `last` exists but the following trait bounds were not satisfied:
            `&mut std::result::Result<std::vec::Vec<interpreter::value::Value>, ()> : std::iter::Iterator`

error[E0599]: no function or associated item named `invalid_argument` found for type `interpreter::error::Error` in the current scope
  --> src/interpreter/stdlib/special_forms/_lib.rs:36:36
   |
36 |             _ => return Err(Error::invalid_argument(
   |                                    ^^^^^^^^^^^^^^^^ function or associated item not found in `interpreter::error::Error`
   | 
  ::: src/interpreter/error/mod.rs:32:1
   |
32 | pub struct Error {
   | ---------------- function or associated item `invalid_argument` not found for this

error[E0599]: no function or associated item named `invalid_argument` found for type `interpreter::error::Error` in the current scope
  --> src/interpreter/stdlib/special_forms/cond.rs:15:32
   |
15 |         _ => return Err(Error::invalid_argument(
   |                                ^^^^^^^^^^^^^^^^ function or associated item not found in `interpreter::error::Error`
   | 
  ::: src/interpreter/error/mod.rs:32:1
   |
32 | pub struct Error {
   | ---------------- function or associated item `invalid_argument` not found for this

error[E0308]: mismatched types
  --> src/interpreter/stdlib/special_forms/cond.rs:21:67
   |
21 |     let predicate_result = interpreter.execute_value(environment, &part_predicate);
   |                                                                   ^^^^^^^^^^^^^^^ expected enum `interpreter::value::Value`, found enum `std::result::Result`
   |
   = note: expected type `&interpreter::value::Value`
              found type `&std::result::Result<&interpreter::value::Value, interpreter::error::Error>`

error[E0308]: mismatched types
  --> src/interpreter/stdlib/special_forms/cond.rs:26:76
   |
26 |                 let action_result = interpreter.execute_value(environment, &part_action);
   |                                                                            ^^^^^^^^^^^^ expected enum `interpreter::value::Value`, found enum `std::result::Result`
   |
   = note: expected type `&interpreter::value::Value`
              found type `&std::result::Result<&interpreter::value::Value, interpreter::error::Error>`

error[E0308]: mismatched types
  --> src/interpreter/stdlib/special_forms/cond.rs:31:25
   |
31 |                         interpreter,
   |                         ^^^^^^^^^^^ expected struct `interpreter::symbol::Symbol`, found mutable reference
   |
   = note: expected type `interpreter::symbol::Symbol`
              found type `&mut interpreter::interpreter::Interpreter`

error[E0599]: no function or associated item named `invalid_argument` found for type `interpreter::error::Error` in the current scope
  --> src/interpreter/stdlib/special_forms/cond.rs:38:29
   |
38 |             _ => Err(Error::invalid_argument(
   |                             ^^^^^^^^^^^^^^^^ function or associated item not found in `interpreter::error::Error`
   | 
  ::: src/interpreter/error/mod.rs:32:1
   |
32 | pub struct Error {
   | ---------------- function or associated item `invalid_argument` not found for this

error[E0308]: mismatched types
  --> src/interpreter/stdlib/special_forms/cond.rs:59:25
   |
59 |                         interpreter,
   |                         ^^^^^^^^^^^ expected struct `interpreter::symbol::Symbol`, found mutable reference
   |
   = note: expected type `interpreter::symbol::Symbol`
              found type `&mut interpreter::interpreter::Interpreter`

error[E0599]: no function or associated item named `invalid_argument` found for type `interpreter::error::Error` in the current scope
  --> src/interpreter/stdlib/special_forms/cond.rs:68:33
   |
68 |             result = Err(Error::invalid_argument(
   |                                 ^^^^^^^^^^^^^^^^ function or associated item not found in `interpreter::error::Error`
   | 
  ::: src/interpreter/error/mod.rs:32:1
   |
32 | pub struct Error {
   | ---------------- function or associated item `invalid_argument` not found for this

error[E0599]: no function or associated item named `invalid_argument_count` found for type `interpreter::error::Error` in the current scope
  --> src/interpreter/stdlib/special_forms/quote.rs:14:27
   |
14 |         return Err(Error::invalid_argument_count(
   |                           ^^^^^^^^^^^^^^^^^^^^^^
   |                           |
   |                           function or associated item not found in `interpreter::error::Error`
   |                           help: there is a method with a similar name: `invalid_argument_error`
   | 
  ::: src/interpreter/error/mod.rs:32:1
   |
32 | pub struct Error {
   | ---------------- function or associated item `invalid_argument_count` not found for this

error[E0599]: no function or associated item named `invalid_argument_count` found for type `interpreter::error::Error` in the current scope
  --> src/interpreter/stdlib/special_forms/define_variable.rs:14:27
   |
14 |         return Err(Error::invalid_argument_count(
   |                           ^^^^^^^^^^^^^^^^^^^^^^
   |                           |
   |                           function or associated item not found in `interpreter::error::Error`
   |                           help: there is a method with a similar name: `invalid_argument_error`
   | 
  ::: src/interpreter/error/mod.rs:32:1
   |
32 | pub struct Error {
   | ---------------- function or associated item `invalid_argument_count` not found for this

error[E0599]: no function or associated item named `invalid_argument` found for type `interpreter::error::Error` in the current scope
  --> src/interpreter/stdlib/special_forms/define_variable.rs:29:32
   |
29 |         _ => return Err(Error::invalid_argument(
   |                                ^^^^^^^^^^^^^^^^ function or associated item not found in `interpreter::error::Error`
   | 
  ::: src/interpreter/error/mod.rs:32:1
   |
32 | pub struct Error {
   | ---------------- function or associated item `invalid_argument` not found for this

error[E0308]: mismatched types
  --> src/interpreter/stdlib/special_forms/define_variable.rs:43:13
   |
43 |             interpreter,
   |             ^^^^^^^^^^^ expected struct `interpreter::symbol::Symbol`, found mutable reference
   |
   = note: expected type `interpreter::symbol::Symbol`
              found type `&mut interpreter::interpreter::Interpreter`

error[E0308]: mismatched types
  --> src/interpreter/stdlib/special_forms/define_variable.rs:56:13
   |
56 |             interpreter,
   |             ^^^^^^^^^^^ expected struct `interpreter::symbol::Symbol`, found mutable reference
   |
   = note: expected type `interpreter::symbol::Symbol`
              found type `&mut interpreter::interpreter::Interpreter`

error[E0599]: no function or associated item named `invalid_argument_count` found for type `interpreter::error::Error` in the current scope
  --> src/interpreter/stdlib/special_forms/define_function.rs:14:27
   |
14 |         return Err(Error::invalid_argument_count(
   |                           ^^^^^^^^^^^^^^^^^^^^^^
   |                           |
   |                           function or associated item not found in `interpreter::error::Error`
   |                           help: there is a method with a similar name: `invalid_argument_error`
   | 
  ::: src/interpreter/error/mod.rs:32:1
   |
32 | pub struct Error {
   | ---------------- function or associated item `invalid_argument_count` not found for this

error[E0599]: no function or associated item named `invalid_argument` found for type `interpreter::error::Error` in the current scope
  --> src/interpreter/stdlib/special_forms/define_function.rs:29:32
   |
29 |         _ => return Err(Error::invalid_argument(
   |                                ^^^^^^^^^^^^^^^^ function or associated item not found in `interpreter::error::Error`
   | 
  ::: src/interpreter/error/mod.rs:32:1
   |
32 | pub struct Error {
   | ---------------- function or associated item `invalid_argument` not found for this

error[E0308]: mismatched types
  --> src/interpreter/stdlib/special_forms/define_function.rs:43:13
   |
43 |             interpreter,
   |             ^^^^^^^^^^^ expected struct `interpreter::symbol::Symbol`, found mutable reference
   |
   = note: expected type `interpreter::symbol::Symbol`
              found type `&mut interpreter::interpreter::Interpreter`

error[E0308]: mismatched types
  --> src/interpreter/stdlib/special_forms/define_function.rs:56:13
   |
56 |             interpreter,
   |             ^^^^^^^^^^^ expected struct `interpreter::symbol::Symbol`, found mutable reference
   |
   = note: expected type `interpreter::symbol::Symbol`
              found type `&mut interpreter::interpreter::Interpreter`

error[E0599]: no function or associated item named `invalid_argument_count` found for type `interpreter::error::Error` in the current scope
  --> src/interpreter/stdlib/special_forms/function.rs:58:27
   |
58 |         return Err(Error::invalid_argument_count(
   |                           ^^^^^^^^^^^^^^^^^^^^^^
   |                           |
   |                           function or associated item not found in `interpreter::error::Error`
   |                           help: there is a method with a similar name: `invalid_argument_error`
   | 
  ::: src/interpreter/error/mod.rs:32:1
   |
32 | pub struct Error {
   | ---------------- function or associated item `invalid_argument_count` not found for this

error[E0599]: no function or associated item named `invalid_argument` found for type `interpreter::error::Error` in the current scope
  --> src/interpreter/stdlib/special_forms/function.rs:66:32
   |
66 |         _ => return Err(Error::invalid_argument(
   |                                ^^^^^^^^^^^^^^^^ function or associated item not found in `interpreter::error::Error`
   | 
  ::: src/interpreter/error/mod.rs:32:1
   |
32 | pub struct Error {
   | ---------------- function or associated item `invalid_argument` not found for this

error[E0599]: no function or associated item named `invalid_argument` found for type `interpreter::error::Error` in the current scope
  --> src/interpreter/stdlib/special_forms/function.rs:73:27
   |
73 |         return Err(Error::invalid_argument(
   |                           ^^^^^^^^^^^^^^^^ function or associated item not found in `interpreter::error::Error`
   | 
  ::: src/interpreter/error/mod.rs:32:1
   |
32 | pub struct Error {
   | ---------------- function or associated item `invalid_argument` not found for this

error[E0599]: no function or associated item named `invalid_argument` found for type `interpreter::error::Error` in the current scope
  --> src/interpreter/stdlib/special_forms/function.rs:83:32
   |
83 |         _ => return Err(Error::invalid_argument(
   |                                ^^^^^^^^^^^^^^^^ function or associated item not found in `interpreter::error::Error`
   | 
  ::: src/interpreter/error/mod.rs:32:1
   |
32 | pub struct Error {
   | ---------------- function or associated item `invalid_argument` not found for this

error[E0599]: no function or associated item named `invalid_argument` found for type `interpreter::error::Error` in the current scope
  --> src/interpreter/stdlib/special_forms/function.rs:92:32
   |
92 |         _ => return Err(Error::invalid_argument(
   |                                ^^^^^^^^^^^^^^^^ function or associated item not found in `interpreter::error::Error`
   | 
  ::: src/interpreter/error/mod.rs:32:1
   |
32 | pub struct Error {
   | ---------------- function or associated item `invalid_argument` not found for this

error[E0599]: no function or associated item named `invalid_argument` found for type `interpreter::error::Error` in the current scope
   --> src/interpreter/stdlib/special_forms/function.rs:113:32
    |
113 |         _ => return Err(Error::invalid_argument(
    |                                ^^^^^^^^^^^^^^^^ function or associated item not found in `interpreter::error::Error`
    | 
   ::: src/interpreter/error/mod.rs:32:1
    |
32  | pub struct Error {
    | ---------------- function or associated item `invalid_argument` not found for this

error[E0599]: no function or associated item named `invalid_argument_count` found for type `interpreter::error::Error` in the current scope
  --> src/interpreter/stdlib/special_forms/set.rs:12:27
   |
12 |         return Err(Error::invalid_argument_count(
   |                           ^^^^^^^^^^^^^^^^^^^^^^
   |                           |
   |                           function or associated item not found in `interpreter::error::Error`
   |                           help: there is a method with a similar name: `invalid_argument_error`
   | 
  ::: src/interpreter/error/mod.rs:32:1
   |
32 | pub struct Error {
   | ---------------- function or associated item `invalid_argument_count` not found for this

error[E0599]: no function or associated item named `invalid_argument` found for type `interpreter::error::Error` in the current scope
  --> src/interpreter/stdlib/special_forms/set.rs:22:32
   |
22 |         _ => return Err(Error::invalid_argument(
   |                                ^^^^^^^^^^^^^^^^ function or associated item not found in `interpreter::error::Error`
   | 
  ::: src/interpreter/error/mod.rs:32:1
   |
32 | pub struct Error {
   | ---------------- function or associated item `invalid_argument` not found for this

error[E0308]: mismatched types
  --> src/interpreter/stdlib/special_forms/set.rs:33:13
   |
33 |             interpreter,
   |             ^^^^^^^^^^^ expected struct `interpreter::symbol::Symbol`, found mutable reference
   |
   = note: expected type `interpreter::symbol::Symbol`
              found type `&mut interpreter::interpreter::Interpreter`

error[E0308]: mismatched types
  --> src/interpreter/stdlib/special_forms/set.rs:47:25
   |
47 |                         interpreter,
   |                         ^^^^^^^^^^^ expected struct `interpreter::symbol::Symbol`, found mutable reference
   |
   = note: expected type `interpreter::symbol::Symbol`
              found type `&mut interpreter::interpreter::Interpreter`

error[E0308]: mismatched types
  --> src/interpreter/stdlib/special_forms/set.rs:54:17
   |
54 |                 interpreter,
   |                 ^^^^^^^^^^^ expected struct `interpreter::symbol::Symbol`, found mutable reference
   |
   = note: expected type `interpreter::symbol::Symbol`
              found type `&mut interpreter::interpreter::Interpreter`

error[E0599]: no function or associated item named `invalid_argument_count` found for type `interpreter::error::Error` in the current scope
  --> src/interpreter/stdlib/special_forms/fset.rs:12:27
   |
12 |         return Err(Error::invalid_argument_count(
   |                           ^^^^^^^^^^^^^^^^^^^^^^
   |                           |
   |                           function or associated item not found in `interpreter::error::Error`
   |                           help: there is a method with a similar name: `invalid_argument_error`
   | 
  ::: src/interpreter/error/mod.rs:32:1
   |
32 | pub struct Error {
   | ---------------- function or associated item `invalid_argument_count` not found for this

error[E0599]: no function or associated item named `invalid_argument` found for type `interpreter::error::Error` in the current scope
  --> src/interpreter/stdlib/special_forms/fset.rs:22:32
   |
22 |         _ => return Err(Error::invalid_argument(
   |                                ^^^^^^^^^^^^^^^^ function or associated item not found in `interpreter::error::Error`
   | 
  ::: src/interpreter/error/mod.rs:32:1
   |
32 | pub struct Error {
   | ---------------- function or associated item `invalid_argument` not found for this

error[E0308]: mismatched types
  --> src/interpreter/stdlib/special_forms/fset.rs:33:13
   |
33 |             interpreter,
   |             ^^^^^^^^^^^ expected struct `interpreter::symbol::Symbol`, found mutable reference
   |
   = note: expected type `interpreter::symbol::Symbol`
              found type `&mut interpreter::interpreter::Interpreter`

error[E0308]: mismatched types
  --> src/interpreter/stdlib/special_forms/fset.rs:47:21
   |
47 |                     interpreter,
   |                     ^^^^^^^^^^^ expected struct `interpreter::symbol::Symbol`, found mutable reference
   |
   = note: expected type `interpreter::symbol::Symbol`
              found type `&mut interpreter::interpreter::Interpreter`

error[E0308]: mismatched types
  --> src/interpreter/stdlib/special_forms/fset.rs:54:17
   |
54 |                 interpreter,
   |                 ^^^^^^^^^^^ expected struct `interpreter::symbol::Symbol`, found mutable reference
   |
   = note: expected type `interpreter::symbol::Symbol`
              found type `&mut interpreter::interpreter::Interpreter`

error[E0308]: mismatched types
  --> src/interpreter/stdlib/special_forms/_let.rs:17:9
   |
16 |     let name = match car {
   |                      --- this match expression has type `std::result::Result<&interpreter::value::Value, interpreter::error::Error>`
17 |         Value::Symbol(symbol) if symbol.is_nil() => return Err(Error::invalid_argument(
   |         ^^^^^^^^^^^^^^^^^^^^^ expected enum `std::result::Result`, found enum `interpreter::value::Value`
   |
   = note: expected type `std::result::Result<&interpreter::value::Value, interpreter::error::Error>`
              found type `interpreter::value::Value`

error[E0308]: mismatched types
  --> src/interpreter/stdlib/special_forms/_let.rs:21:9
   |
16 |     let name = match car {
   |                      --- this match expression has type `std::result::Result<&interpreter::value::Value, interpreter::error::Error>`
...
21 |         Value::Symbol(symbol) => {
   |         ^^^^^^^^^^^^^^^^^^^^^ expected enum `std::result::Result`, found enum `interpreter::value::Value`
   |
   = note: expected type `std::result::Result<&interpreter::value::Value, interpreter::error::Error>`
              found type `interpreter::value::Value`

error[E0599]: no function or associated item named `invalid_argument` found for type `interpreter::error::Error` in the current scope
  --> src/interpreter/stdlib/special_forms/_let.rs:17:71
   |
17 |         Value::Symbol(symbol) if symbol.is_nil() => return Err(Error::invalid_argument(
   |                                                                       ^^^^^^^^^^^^^^^^ function or associated item not found in `interpreter::error::Error`
   | 
  ::: src/interpreter/error/mod.rs:32:1
   |
32 | pub struct Error {
   | ---------------- function or associated item `invalid_argument` not found for this

error[E0599]: no function or associated item named `invalid_argument` found for type `interpreter::error::Error` in the current scope
  --> src/interpreter/stdlib/special_forms/_let.rs:24:32
   |
24 |         _ => return Err(Error::invalid_argument(
   |                                ^^^^^^^^^^^^^^^^ function or associated item not found in `interpreter::error::Error`
   | 
  ::: src/interpreter/error/mod.rs:32:1
   |
32 | pub struct Error {
   | ---------------- function or associated item `invalid_argument` not found for this

error[E0599]: no function or associated item named `invalid_argument` found for type `interpreter::error::Error` in the current scope
  --> src/interpreter/stdlib/special_forms/_let.rs:33:37
   |
33 |         Err(_) => return Err(Error::invalid_argument(
   |                                     ^^^^^^^^^^^^^^^^ function or associated item not found in `interpreter::error::Error`
   | 
  ::: src/interpreter/error/mod.rs:32:1
   |
32 | pub struct Error {
   | ---------------- function or associated item `invalid_argument` not found for this

error[E0308]: mismatched types
  --> src/interpreter/stdlib/special_forms/_let.rs:42:13
   |
42 |             interpreter,
   |             ^^^^^^^^^^^ expected struct `interpreter::symbol::Symbol`, found mutable reference
   |
   = note: expected type `interpreter::symbol::Symbol`
              found type `&mut interpreter::interpreter::Interpreter`

error[E0599]: no function or associated item named `invalid_argument` found for type `interpreter::error::Error` in the current scope
  --> src/interpreter/stdlib/special_forms/_let.rs:50:32
   |
50 |         _ => return Err(Error::invalid_argument(
   |                                ^^^^^^^^^^^^^^^^ function or associated item not found in `interpreter::error::Error`
   | 
  ::: src/interpreter/error/mod.rs:32:1
   |
32 | pub struct Error {
   | ---------------- function or associated item `invalid_argument` not found for this

error[E0599]: no function or associated item named `invalid_argument` found for type `interpreter::error::Error` in the current scope
  --> src/interpreter/stdlib/special_forms/_let.rs:86:71
   |
86 |         Value::Symbol(symbol) if symbol.is_nil() => return Err(Error::invalid_argument(
   |                                                                       ^^^^^^^^^^^^^^^^ function or associated item not found in `interpreter::error::Error`
   | 
  ::: src/interpreter/error/mod.rs:32:1
   |
32 | pub struct Error {
   | ---------------- function or associated item `invalid_argument` not found for this

error[E0599]: no function or associated item named `invalid_argument` found for type `interpreter::error::Error` in the current scope
  --> src/interpreter/stdlib/special_forms/_let.rs:95:32
   |
95 |         _ => return Err(Error::invalid_argument(
   |                                ^^^^^^^^^^^^^^^^ function or associated item not found in `interpreter::error::Error`
   | 
  ::: src/interpreter/error/mod.rs:32:1
   |
32 | pub struct Error {
   | ---------------- function or associated item `invalid_argument` not found for this

error[E0599]: no function or associated item named `invalid_argument_count` found for type `interpreter::error::Error` in the current scope
   --> src/interpreter/stdlib/special_forms/_let.rs:126:27
    |
126 |         return Err(Error::invalid_argument_count(
    |                           ^^^^^^^^^^^^^^^^^^^^^^
    |                           |
    |                           function or associated item not found in `interpreter::error::Error`
    |                           help: there is a method with a similar name: `invalid_argument_error`
    | 
   ::: src/interpreter/error/mod.rs:32:1
    |
32  | pub struct Error {
    | ---------------- function or associated item `invalid_argument_count` not found for this

error[E0599]: no function or associated item named `invalid_argument` found for type `interpreter::error::Error` in the current scope
   --> src/interpreter/stdlib/special_forms/_let.rs:139:37
    |
139 |         Err(_) => return Err(Error::invalid_argument(
    |                                     ^^^^^^^^^^^^^^^^ function or associated item not found in `interpreter::error::Error`
    | 
   ::: src/interpreter/error/mod.rs:32:1
    |
32  | pub struct Error {
    | ---------------- function or associated item `invalid_argument` not found for this

error[E0599]: no function or associated item named `invalid_argument_count` found for type `interpreter::error::Error` in the current scope
  --> src/interpreter/stdlib/special_forms/let_star.rs:12:27
   |
12 |         return Err(Error::invalid_argument_count(
   |                           ^^^^^^^^^^^^^^^^^^^^^^
   |                           |
   |                           function or associated item not found in `interpreter::error::Error`
   |                           help: there is a method with a similar name: `invalid_argument_error`
   | 
  ::: src/interpreter/error/mod.rs:32:1
   |
32 | pub struct Error {
   | ---------------- function or associated item `invalid_argument_count` not found for this

error[E0599]: no function or associated item named `invalid_argument` found for type `interpreter::error::Error` in the current scope
  --> src/interpreter/stdlib/special_forms/let_star.rs:25:37
   |
25 |         Err(_) => return Err(Error::invalid_argument(
   |                                     ^^^^^^^^^^^^^^^^ function or associated item not found in `interpreter::error::Error`
   | 
  ::: src/interpreter/error/mod.rs:32:1
   |
32 | pub struct Error {
   | ---------------- function or associated item `invalid_argument` not found for this

error[E0308]: mismatched types
  --> src/interpreter/stdlib/special_forms/flet.rs:17:9
   |
16 |     let name = match car {
   |                      --- this match expression has type `std::result::Result<&interpreter::value::Value, interpreter::error::Error>`
17 |         Value::Symbol(symbol) if symbol.is_nil() => return Err(Error::invalid_argument(
   |         ^^^^^^^^^^^^^^^^^^^^^ expected enum `std::result::Result`, found enum `interpreter::value::Value`
   |
   = note: expected type `std::result::Result<&interpreter::value::Value, interpreter::error::Error>`
              found type `interpreter::value::Value`

error[E0308]: mismatched types
  --> src/interpreter/stdlib/special_forms/flet.rs:21:9
   |
16 |     let name = match car {
   |                      --- this match expression has type `std::result::Result<&interpreter::value::Value, interpreter::error::Error>`
...
21 |         Value::Symbol(symbol) => {
   |         ^^^^^^^^^^^^^^^^^^^^^ expected enum `std::result::Result`, found enum `interpreter::value::Value`
   |
   = note: expected type `std::result::Result<&interpreter::value::Value, interpreter::error::Error>`
              found type `interpreter::value::Value`

error[E0599]: no function or associated item named `invalid_argument` found for type `interpreter::error::Error` in the current scope
  --> src/interpreter/stdlib/special_forms/flet.rs:17:71
   |
17 |         Value::Symbol(symbol) if symbol.is_nil() => return Err(Error::invalid_argument(
   |                                                                       ^^^^^^^^^^^^^^^^ function or associated item not found in `interpreter::error::Error`
   | 
  ::: src/interpreter/error/mod.rs:32:1
   |
32 | pub struct Error {
   | ---------------- function or associated item `invalid_argument` not found for this

error[E0599]: no function or associated item named `invalid_argument` found for type `interpreter::error::Error` in the current scope
  --> src/interpreter/stdlib/special_forms/flet.rs:24:32
   |
24 |         _ => return Err(Error::invalid_argument(
   |                                ^^^^^^^^^^^^^^^^ function or associated item not found in `interpreter::error::Error`
   | 
  ::: src/interpreter/error/mod.rs:32:1
   |
32 | pub struct Error {
   | ---------------- function or associated item `invalid_argument` not found for this

error[E0599]: no function or associated item named `invalid_argument` found for type `interpreter::error::Error` in the current scope
  --> src/interpreter/stdlib/special_forms/flet.rs:33:37
   |
33 |         Err(_) => return Err(Error::invalid_argument(
   |                                     ^^^^^^^^^^^^^^^^ function or associated item not found in `interpreter::error::Error`
   | 
  ::: src/interpreter/error/mod.rs:32:1
   |
32 | pub struct Error {
   | ---------------- function or associated item `invalid_argument` not found for this

error[E0599]: no function or associated item named `invalid_argument` found for type `interpreter::error::Error` in the current scope
  --> src/interpreter/stdlib/special_forms/flet.rs:42:32
   |
42 |         _ => return Err(Error::invalid_argument(
   |                                ^^^^^^^^^^^^^^^^ function or associated item not found in `interpreter::error::Error`
   | 
  ::: src/interpreter/error/mod.rs:32:1
   |
32 | pub struct Error {
   | ---------------- function or associated item `invalid_argument` not found for this

error[E0599]: no function or associated item named `invalid_argument` found for type `interpreter::error::Error` in the current scope
  --> src/interpreter/stdlib/special_forms/flet.rs:52:37
   |
52 |         Err(_) => return Err(Error::invalid_argument(
   |                                     ^^^^^^^^^^^^^^^^ function or associated item not found in `interpreter::error::Error`
   | 
  ::: src/interpreter/error/mod.rs:32:1
   |
32 | pub struct Error {
   | ---------------- function or associated item `invalid_argument` not found for this

error[E0599]: no function or associated item named `invalid_argument` found for type `interpreter::error::Error` in the current scope
  --> src/interpreter/stdlib/special_forms/flet.rs:62:32
   |
62 |         _ => return Err(Error::invalid_argument(
   |                                ^^^^^^^^^^^^^^^^ function or associated item not found in `interpreter::error::Error`
   | 
  ::: src/interpreter/error/mod.rs:32:1
   |
32 | pub struct Error {
   | ---------------- function or associated item `invalid_argument` not found for this

error[E0599]: no function or associated item named `invalid_argument` found for type `interpreter::error::Error` in the current scope
  --> src/interpreter/stdlib/special_forms/flet.rs:92:32
   |
92 |         _ => return Err(Error::invalid_argument(
   |                                ^^^^^^^^^^^^^^^^ function or associated item not found in `interpreter::error::Error`
   | 
  ::: src/interpreter/error/mod.rs:32:1
   |
32 | pub struct Error {
   | ---------------- function or associated item `invalid_argument` not found for this

error[E0599]: no function or associated item named `invalid_argument_count` found for type `interpreter::error::Error` in the current scope
   --> src/interpreter/stdlib/special_forms/flet.rs:123:27
    |
123 |         return Err(Error::invalid_argument_count(
    |                           ^^^^^^^^^^^^^^^^^^^^^^
    |                           |
    |                           function or associated item not found in `interpreter::error::Error`
    |                           help: there is a method with a similar name: `invalid_argument_error`
    | 
   ::: src/interpreter/error/mod.rs:32:1
    |
32  | pub struct Error {
    | ---------------- function or associated item `invalid_argument_count` not found for this

error[E0599]: no function or associated item named `invalid_argument` found for type `interpreter::error::Error` in the current scope
   --> src/interpreter/stdlib/special_forms/flet.rs:136:37
    |
136 |         Err(_) => return Err(Error::invalid_argument(
    |                                     ^^^^^^^^^^^^^^^^ function or associated item not found in `interpreter::error::Error`
    | 
   ::: src/interpreter/error/mod.rs:32:1
    |
32  | pub struct Error {
    | ---------------- function or associated item `invalid_argument` not found for this

error[E0599]: no function or associated item named `invalid_argument_count` found for type `interpreter::error::Error` in the current scope
  --> src/interpreter/stdlib/special_forms/flet_star.rs:12:27
   |
12 |         return Err(Error::invalid_argument_count(
   |                           ^^^^^^^^^^^^^^^^^^^^^^
   |                           |
   |                           function or associated item not found in `interpreter::error::Error`
   |                           help: there is a method with a similar name: `invalid_argument_error`
   | 
  ::: src/interpreter/error/mod.rs:32:1
   |
32 | pub struct Error {
   | ---------------- function or associated item `invalid_argument_count` not found for this

error[E0599]: no function or associated item named `invalid_argument` found for type `interpreter::error::Error` in the current scope
  --> src/interpreter/stdlib/special_forms/flet_star.rs:25:37
   |
25 |         Err(_) => return Err(Error::invalid_argument(
   |                                     ^^^^^^^^^^^^^^^^ function or associated item not found in `interpreter::error::Error`
   | 
  ::: src/interpreter/error/mod.rs:32:1
   |
32 | pub struct Error {
   | ---------------- function or associated item `invalid_argument` not found for this

error[E0308]: mismatched types
  --> src/interpreter/stdlib/special_forms/mlet.rs:17:9
   |
16 |     let name = match car {
   |                      --- this match expression has type `std::result::Result<&interpreter::value::Value, interpreter::error::Error>`
17 |         Value::Symbol(symbol) if symbol.is_nil() => return Err(Error::invalid_argument(
   |         ^^^^^^^^^^^^^^^^^^^^^ expected enum `std::result::Result`, found enum `interpreter::value::Value`
   |
   = note: expected type `std::result::Result<&interpreter::value::Value, interpreter::error::Error>`
              found type `interpreter::value::Value`

error[E0308]: mismatched types
  --> src/interpreter/stdlib/special_forms/mlet.rs:21:9
   |
16 |     let name = match car {
   |                      --- this match expression has type `std::result::Result<&interpreter::value::Value, interpreter::error::Error>`
...
21 |         Value::Symbol(symbol) => {
   |         ^^^^^^^^^^^^^^^^^^^^^ expected enum `std::result::Result`, found enum `interpreter::value::Value`
   |
   = note: expected type `std::result::Result<&interpreter::value::Value, interpreter::error::Error>`
              found type `interpreter::value::Value`

error[E0599]: no function or associated item named `invalid_argument` found for type `interpreter::error::Error` in the current scope
  --> src/interpreter/stdlib/special_forms/mlet.rs:17:71
   |
17 |         Value::Symbol(symbol) if symbol.is_nil() => return Err(Error::invalid_argument(
   |                                                                       ^^^^^^^^^^^^^^^^ function or associated item not found in `interpreter::error::Error`
   | 
  ::: src/interpreter/error/mod.rs:32:1
   |
32 | pub struct Error {
   | ---------------- function or associated item `invalid_argument` not found for this

error[E0599]: no function or associated item named `invalid_argument` found for type `interpreter::error::Error` in the current scope
  --> src/interpreter/stdlib/special_forms/mlet.rs:24:32
   |
24 |         _ => return Err(Error::invalid_argument(
   |                                ^^^^^^^^^^^^^^^^ function or associated item not found in `interpreter::error::Error`
   | 
  ::: src/interpreter/error/mod.rs:32:1
   |
32 | pub struct Error {
   | ---------------- function or associated item `invalid_argument` not found for this

error[E0599]: no function or associated item named `invalid_argument` found for type `interpreter::error::Error` in the current scope
  --> src/interpreter/stdlib/special_forms/mlet.rs:33:37
   |
33 |         Err(_) => return Err(Error::invalid_argument(
   |                                     ^^^^^^^^^^^^^^^^ function or associated item not found in `interpreter::error::Error`
   | 
  ::: src/interpreter/error/mod.rs:32:1
   |
32 | pub struct Error {
   | ---------------- function or associated item `invalid_argument` not found for this

error[E0599]: no function or associated item named `invalid_argument` found for type `interpreter::error::Error` in the current scope
  --> src/interpreter/stdlib/special_forms/mlet.rs:42:32
   |
42 |         _ => return Err(Error::invalid_argument(
   |                                ^^^^^^^^^^^^^^^^ function or associated item not found in `interpreter::error::Error`
   | 
  ::: src/interpreter/error/mod.rs:32:1
   |
32 | pub struct Error {
   | ---------------- function or associated item `invalid_argument` not found for this

error[E0599]: no function or associated item named `invalid_argument` found for type `interpreter::error::Error` in the current scope
  --> src/interpreter/stdlib/special_forms/mlet.rs:52:37
   |
52 |         Err(_) => return Err(Error::invalid_argument(
   |                                     ^^^^^^^^^^^^^^^^ function or associated item not found in `interpreter::error::Error`
   | 
  ::: src/interpreter/error/mod.rs:32:1
   |
32 | pub struct Error {
   | ---------------- function or associated item `invalid_argument` not found for this

error[E0599]: no function or associated item named `invalid_argument` found for type `interpreter::error::Error` in the current scope
  --> src/interpreter/stdlib/special_forms/mlet.rs:61:32
   |
61 |         _ => return Err(Error::invalid_argument(
   |                                ^^^^^^^^^^^^^^^^ function or associated item not found in `interpreter::error::Error`
   | 
  ::: src/interpreter/error/mod.rs:32:1
   |
32 | pub struct Error {
   | ---------------- function or associated item `invalid_argument` not found for this

error[E0599]: no function or associated item named `invalid_argument` found for type `interpreter::error::Error` in the current scope
  --> src/interpreter/stdlib/special_forms/mlet.rs:91:32
   |
91 |         _ => return Err(Error::invalid_argument(
   |                                ^^^^^^^^^^^^^^^^ function or associated item not found in `interpreter::error::Error`
   | 
  ::: src/interpreter/error/mod.rs:32:1
   |
32 | pub struct Error {
   | ---------------- function or associated item `invalid_argument` not found for this

error[E0599]: no function or associated item named `invalid_argument_count` found for type `interpreter::error::Error` in the current scope
   --> src/interpreter/stdlib/special_forms/mlet.rs:122:27
    |
122 |         return Err(Error::invalid_argument_count(
    |                           ^^^^^^^^^^^^^^^^^^^^^^
    |                           |
    |                           function or associated item not found in `interpreter::error::Error`
    |                           help: there is a method with a similar name: `invalid_argument_error`
    | 
   ::: src/interpreter/error/mod.rs:32:1
    |
32  | pub struct Error {
    | ---------------- function or associated item `invalid_argument_count` not found for this

error[E0599]: no function or associated item named `invalid_argument` found for type `interpreter::error::Error` in the current scope
   --> src/interpreter/stdlib/special_forms/mlet.rs:135:37
    |
135 |         Err(_) => return Err(Error::invalid_argument(
    |                                     ^^^^^^^^^^^^^^^^ function or associated item not found in `interpreter::error::Error`
    | 
   ::: src/interpreter/error/mod.rs:32:1
    |
32  | pub struct Error {
    | ---------------- function or associated item `invalid_argument` not found for this

error[E0599]: no function or associated item named `invalid_argument_count` found for type `interpreter::error::Error` in the current scope
  --> src/interpreter/stdlib/special_forms/mlet_star.rs:12:27
   |
12 |         return Err(Error::invalid_argument_count(
   |                           ^^^^^^^^^^^^^^^^^^^^^^
   |                           |
   |                           function or associated item not found in `interpreter::error::Error`
   |                           help: there is a method with a similar name: `invalid_argument_error`
   | 
  ::: src/interpreter/error/mod.rs:32:1
   |
32 | pub struct Error {
   | ---------------- function or associated item `invalid_argument_count` not found for this

error[E0599]: no function or associated item named `invalid_argument` found for type `interpreter::error::Error` in the current scope
  --> src/interpreter/stdlib/special_forms/mlet_star.rs:25:37
   |
25 |         Err(_) => return Err(Error::invalid_argument(
   |                                     ^^^^^^^^^^^^^^^^ function or associated item not found in `interpreter::error::Error`
   | 
  ::: src/interpreter/error/mod.rs:32:1
   |
32 | pub struct Error {
   | ---------------- function or associated item `invalid_argument` not found for this

error[E0599]: no function or associated item named `invalid_argument_count` found for type `interpreter::error::Error` in the current scope
  --> src/interpreter/stdlib/special_forms/throw.rs:12:27
   |
12 |         return Err(Error::invalid_argument_count(
   |                           ^^^^^^^^^^^^^^^^^^^^^^
   |                           |
   |                           function or associated item not found in `interpreter::error::Error`
   |                           help: there is a method with a similar name: `invalid_argument_error`
   | 
  ::: src/interpreter/error/mod.rs:32:1
   |
32 | pub struct Error {
   | ---------------- function or associated item `invalid_argument_count` not found for this

error[E0599]: no function or associated item named `invalid_argument` found for type `interpreter::error::Error` in the current scope
  --> src/interpreter/stdlib/special_forms/throw.rs:25:36
   |
25 |             _ => return Err(Error::invalid_argument(
   |                                    ^^^^^^^^^^^^^^^^ function or associated item not found in `interpreter::error::Error`
   | 
  ::: src/interpreter/error/mod.rs:32:1
   |
32 | pub struct Error {
   | ---------------- function or associated item `invalid_argument` not found for this

error[E0599]: no function or associated item named `invalid_argument` found for type `interpreter::error::Error` in the current scope
  --> src/interpreter/stdlib/special_forms/throw.rs:39:36
   |
39 |             _ => return Err(Error::invalid_argument(
   |                                    ^^^^^^^^^^^^^^^^ function or associated item not found in `interpreter::error::Error`
   | 
  ::: src/interpreter/error/mod.rs:32:1
   |
32 | pub struct Error {
   | ---------------- function or associated item `invalid_argument` not found for this

error[E0308]: mismatched types
  --> src/interpreter/stdlib/special_forms/_try.rs:14:21
   |
13 |                 match interpreter.get_car(&cons_id) {
   |                       ----------------------------- this match expression has type `std::result::Result<&interpreter::value::Value, interpreter::error::Error>`
14 |                     Value::Symbol(symbol) if symbol.get_name() == "catch" => {
   |                     ^^^^^^^^^^^^^^^^^^^^^ expected enum `std::result::Result`, found enum `interpreter::value::Value`
   |
   = note: expected type `std::result::Result<&interpreter::value::Value, interpreter::error::Error>`
              found type `interpreter::value::Value`

error[E0599]: no function or associated item named `invalid_argument` found for type `interpreter::error::Error` in the current scope
  --> src/interpreter/stdlib/special_forms/_try.rs:17:44
   |
17 |                     _ => return Err(Error::invalid_argument(
   |                                            ^^^^^^^^^^^^^^^^ function or associated item not found in `interpreter::error::Error`
   | 
  ::: src/interpreter/error/mod.rs:32:1
   |
32 | pub struct Error {
   | ---------------- function or associated item `invalid_argument` not found for this

error[E0599]: no function or associated item named `invalid_argument` found for type `interpreter::error::Error` in the current scope
  --> src/interpreter/stdlib/special_forms/_try.rs:23:36
   |
23 |             _ => return Err(Error::invalid_argument(
   |                                    ^^^^^^^^^^^^^^^^ function or associated item not found in `interpreter::error::Error`
   | 
  ::: src/interpreter/error/mod.rs:32:1
   |
32 | pub struct Error {
   | ---------------- function or associated item `invalid_argument` not found for this

error[E0599]: no function or associated item named `invalid_argument` found for type `interpreter::error::Error` in the current scope
  --> src/interpreter/stdlib/special_forms/_try.rs:33:41
   |
33 |             Err(_) => return Err(Error::invalid_argument(
   |                                         ^^^^^^^^^^^^^^^^ function or associated item not found in `interpreter::error::Error`
   | 
  ::: src/interpreter/error/mod.rs:32:1
   |
32 | pub struct Error {
   | ---------------- function or associated item `invalid_argument` not found for this

error[E0599]: no function or associated item named `invalid_argument_count` found for type `interpreter::error::Error` in the current scope
  --> src/interpreter/stdlib/special_forms/_try.rs:49:27
   |
49 |         return Err(Error::invalid_argument_count(
   |                           ^^^^^^^^^^^^^^^^^^^^^^
   |                           |
   |                           function or associated item not found in `interpreter::error::Error`
   |                           help: there is a method with a similar name: `invalid_argument_error`
   | 
  ::: src/interpreter/error/mod.rs:32:1
   |
32 | pub struct Error {
   | ---------------- function or associated item `invalid_argument_count` not found for this

error[E0599]: no function or associated item named `invalid_argument` found for type `interpreter::error::Error` in the current scope
  --> src/interpreter/stdlib/special_forms/_try.rs:75:48
   |
75 |                     Ok(_) => return Err(Error::invalid_argument(
   |                                                ^^^^^^^^^^^^^^^^ function or associated item not found in `interpreter::error::Error`
   | 
  ::: src/interpreter/error/mod.rs:32:1
   |
32 | pub struct Error {
   | ---------------- function or associated item `invalid_argument` not found for this

error[E0599]: no function or associated item named `invalid_argument` found for type `interpreter::error::Error` in the current scope
  --> src/interpreter/stdlib/special_forms/_try.rs:79:45
   |
79 |                     _  => return Err(Error::invalid_argument(
   |                                             ^^^^^^^^^^^^^^^^ function or associated item not found in `interpreter::error::Error`
   | 
  ::: src/interpreter/error/mod.rs:32:1
   |
32 | pub struct Error {
   | ---------------- function or associated item `invalid_argument` not found for this

error[E0599]: no function or associated item named `invalid_argument` found for type `interpreter::error::Error` in the current scope
  --> src/interpreter/stdlib/special_forms/_try.rs:95:53
   |
95 |                         Err(_) => return Err(Error::invalid_argument(
   |                                                     ^^^^^^^^^^^^^^^^ function or associated item not found in `interpreter::error::Error`
   | 
  ::: src/interpreter/error/mod.rs:32:1
   |
32 | pub struct Error {
   | ---------------- function or associated item `invalid_argument` not found for this

error[E0599]: no function or associated item named `invalid_argument_count` found for type `interpreter::error::Error` in the current scope
  --> src/interpreter/stdlib/builtin_functions/math/sum.rs:12:27
   |
12 |         return Err(Error::invalid_argument_count(
   |                           ^^^^^^^^^^^^^^^^^^^^^^
   |                           |
   |                           function or associated item not found in `interpreter::error::Error`
   |                           help: there is a method with a similar name: `invalid_argument_error`
   | 
  ::: src/interpreter/error/mod.rs:32:1
   |
32 | pub struct Error {
   | ---------------- function or associated item `invalid_argument_count` not found for this

error[E0308]: mismatched types
  --> src/interpreter/stdlib/builtin_functions/math/sum.rs:25:21
   |
25 |                     interpreter,
   |                     ^^^^^^^^^^^ expected struct `interpreter::symbol::Symbol`, found mutable reference
   |
   = note: expected type `interpreter::symbol::Symbol`
              found type `&mut interpreter::interpreter::Interpreter`

error[E0599]: no function or associated item named `invalid_argument` found for type `interpreter::error::Error` in the current scope
  --> src/interpreter/stdlib/builtin_functions/math/sum.rs:32:36
   |
32 |             _ => return Err(Error::invalid_argument(
   |                                    ^^^^^^^^^^^^^^^^ function or associated item not found in `interpreter::error::Error`
   | 
  ::: src/interpreter/error/mod.rs:32:1
   |
32 | pub struct Error {
   | ---------------- function or associated item `invalid_argument` not found for this

error[E0599]: no function or associated item named `invalid_argument_count` found for type `interpreter::error::Error` in the current scope
  --> src/interpreter/stdlib/builtin_functions/math/sub.rs:12:27
   |
12 |         return Err(Error::invalid_argument_count(
   |                           ^^^^^^^^^^^^^^^^^^^^^^
   |                           |
   |                           function or associated item not found in `interpreter::error::Error`
   |                           help: there is a method with a similar name: `invalid_argument_error`
   | 
  ::: src/interpreter/error/mod.rs:32:1
   |
32 | pub struct Error {
   | ---------------- function or associated item `invalid_argument_count` not found for this

error[E0308]: mismatched types
  --> src/interpreter/stdlib/builtin_functions/math/sub.rs:24:17
   |
24 |                 interpreter,
   |                 ^^^^^^^^^^^ expected struct `interpreter::symbol::Symbol`, found mutable reference
   |
   = note: expected type `interpreter::symbol::Symbol`
              found type `&mut interpreter::interpreter::Interpreter`

error[E0599]: no function or associated item named `invalid_argument` found for type `interpreter::error::Error` in the current scope
  --> src/interpreter/stdlib/builtin_functions/math/sub.rs:31:32
   |
31 |         _ => return Err(Error::invalid_argument(
   |                                ^^^^^^^^^^^^^^^^ function or associated item not found in `interpreter::error::Error`
   | 
  ::: src/interpreter/error/mod.rs:32:1
   |
32 | pub struct Error {
   | ---------------- function or associated item `invalid_argument` not found for this

error[E0599]: no function or associated item named `invalid_argument_count` found for type `interpreter::error::Error` in the current scope
  --> src/interpreter/stdlib/builtin_functions/math/mul.rs:12:27
   |
12 |         return Err(Error::invalid_argument_count(
   |                           ^^^^^^^^^^^^^^^^^^^^^^
   |                           |
   |                           function or associated item not found in `interpreter::error::Error`
   |                           help: there is a method with a similar name: `invalid_argument_error`
   | 
  ::: src/interpreter/error/mod.rs:32:1
   |
32 | pub struct Error {
   | ---------------- function or associated item `invalid_argument_count` not found for this

error[E0308]: mismatched types
  --> src/interpreter/stdlib/builtin_functions/math/mul.rs:25:21
   |
25 |                     interpreter,
   |                     ^^^^^^^^^^^ expected struct `interpreter::symbol::Symbol`, found mutable reference
   |
   = note: expected type `interpreter::symbol::Symbol`
              found type `&mut interpreter::interpreter::Interpreter`

error[E0599]: no function or associated item named `invalid_argument` found for type `interpreter::error::Error` in the current scope
  --> src/interpreter/stdlib/builtin_functions/math/mul.rs:32:36
   |
32 |             _ => return Err(Error::invalid_argument(
   |                                    ^^^^^^^^^^^^^^^^ function or associated item not found in `interpreter::error::Error`
   | 
  ::: src/interpreter/error/mod.rs:32:1
   |
32 | pub struct Error {
   | ---------------- function or associated item `invalid_argument` not found for this

error[E0599]: no function or associated item named `invalid_argument_count` found for type `interpreter::error::Error` in the current scope
  --> src/interpreter/stdlib/builtin_functions/math/div.rs:12:27
   |
12 |         return Err(Error::invalid_argument_count(
   |                           ^^^^^^^^^^^^^^^^^^^^^^
   |                           |
   |                           function or associated item not found in `interpreter::error::Error`
   |                           help: there is a method with a similar name: `invalid_argument_error`
   | 
  ::: src/interpreter/error/mod.rs:32:1
   |
32 | pub struct Error {
   | ---------------- function or associated item `invalid_argument_count` not found for this

error[E0308]: mismatched types
  --> src/interpreter/stdlib/builtin_functions/math/div.rs:23:17
   |
23 |                 interpreter,
   |                 ^^^^^^^^^^^ expected struct `interpreter::symbol::Symbol`, found mutable reference
   |
   = note: expected type `interpreter::symbol::Symbol`
              found type `&mut interpreter::interpreter::Interpreter`

error[E0308]: mismatched types
  --> src/interpreter/stdlib/builtin_functions/math/div.rs:30:17
   |
30 |                 interpreter,
   |                 ^^^^^^^^^^^ expected struct `interpreter::symbol::Symbol`, found mutable reference
   |
   = note: expected type `interpreter::symbol::Symbol`
              found type `&mut interpreter::interpreter::Interpreter`

error[E0308]: mismatched types
  --> src/interpreter/stdlib/builtin_functions/math/div.rs:38:17
   |
38 |                 interpreter,
   |                 ^^^^^^^^^^^ expected struct `interpreter::symbol::Symbol`, found mutable reference
   |
   = note: expected type `interpreter::symbol::Symbol`
              found type `&mut interpreter::interpreter::Interpreter`

error[E0308]: mismatched types
  --> src/interpreter/stdlib/builtin_functions/math/div.rs:45:17
   |
45 |                 interpreter,
   |                 ^^^^^^^^^^^ expected struct `interpreter::symbol::Symbol`, found mutable reference
   |
   = note: expected type `interpreter::symbol::Symbol`
              found type `&mut interpreter::interpreter::Interpreter`

error[E0599]: no function or associated item named `invalid_argument` found for type `interpreter::error::Error` in the current scope
  --> src/interpreter/stdlib/builtin_functions/math/div.rs:51:32
   |
51 |         _ => return Err(Error::invalid_argument(
   |                                ^^^^^^^^^^^^^^^^ function or associated item not found in `interpreter::error::Error`
   | 
  ::: src/interpreter/error/mod.rs:32:1
   |
32 | pub struct Error {
   | ---------------- function or associated item `invalid_argument` not found for this

error[E0599]: no function or associated item named `invalid_argument_count` found for type `interpreter::error::Error` in the current scope
  --> src/interpreter/stdlib/builtin_functions/math/rem.rs:12:27
   |
12 |         return Err(Error::invalid_argument_count(
   |                           ^^^^^^^^^^^^^^^^^^^^^^
   |                           |
   |                           function or associated item not found in `interpreter::error::Error`
   |                           help: there is a method with a similar name: `invalid_argument_error`
   | 
  ::: src/interpreter/error/mod.rs:32:1
   |
32 | pub struct Error {
   | ---------------- function or associated item `invalid_argument_count` not found for this

error[E0308]: mismatched types
  --> src/interpreter/stdlib/builtin_functions/math/rem.rs:23:17
   |
23 |                 interpreter,
   |                 ^^^^^^^^^^^ expected struct `interpreter::symbol::Symbol`, found mutable reference
   |
   = note: expected type `interpreter::symbol::Symbol`
              found type `&mut interpreter::interpreter::Interpreter`

error[E0308]: mismatched types
  --> src/interpreter/stdlib/builtin_functions/math/rem.rs:30:17
   |
30 |                 interpreter,
   |                 ^^^^^^^^^^^ expected struct `interpreter::symbol::Symbol`, found mutable reference
   |
   = note: expected type `interpreter::symbol::Symbol`
              found type `&mut interpreter::interpreter::Interpreter`

error[E0308]: mismatched types
  --> src/interpreter/stdlib/builtin_functions/math/rem.rs:38:17
   |
38 |                 interpreter,
   |                 ^^^^^^^^^^^ expected struct `interpreter::symbol::Symbol`, found mutable reference
   |
   = note: expected type `interpreter::symbol::Symbol`
              found type `&mut interpreter::interpreter::Interpreter`

error[E0308]: mismatched types
  --> src/interpreter/stdlib/builtin_functions/math/rem.rs:45:17
   |
45 |                 interpreter,
   |                 ^^^^^^^^^^^ expected struct `interpreter::symbol::Symbol`, found mutable reference
   |
   = note: expected type `interpreter::symbol::Symbol`
              found type `&mut interpreter::interpreter::Interpreter`

error[E0599]: no function or associated item named `invalid_argument` found for type `interpreter::error::Error` in the current scope
  --> src/interpreter/stdlib/builtin_functions/math/rem.rs:51:32
   |
51 |         _ => return Err(Error::invalid_argument(
   |                                ^^^^^^^^^^^^^^^^ function or associated item not found in `interpreter::error::Error`
   | 
  ::: src/interpreter/error/mod.rs:32:1
   |
32 | pub struct Error {
   | ---------------- function or associated item `invalid_argument` not found for this

error[E0599]: no function or associated item named `invalid_argument_count` found for type `interpreter::error::Error` in the current scope
  --> src/interpreter/stdlib/builtin_functions/math/pow.rs:48:27
   |
48 |         return Err(Error::invalid_argument_count(
   |                           ^^^^^^^^^^^^^^^^^^^^^^
   |                           |
   |                           function or associated item not found in `interpreter::error::Error`
   |                           help: there is a method with a similar name: `invalid_argument_error`
   | 
  ::: src/interpreter/error/mod.rs:32:1
   |
32 | pub struct Error {
   | ---------------- function or associated item `invalid_argument_count` not found for this

error[E0308]: mismatched types
  --> src/interpreter/stdlib/builtin_functions/math/pow.rs:60:17
   |
60 |                 interpreter,
   |                 ^^^^^^^^^^^ expected struct `interpreter::symbol::Symbol`, found mutable reference
   |
   = note: expected type `interpreter::symbol::Symbol`
              found type `&mut interpreter::interpreter::Interpreter`

error[E0599]: no function or associated item named `invalid_argument` found for type `interpreter::error::Error` in the current scope
  --> src/interpreter/stdlib/builtin_functions/math/pow.rs:67:32
   |
67 |         _ => return Err(Error::invalid_argument(
   |                                ^^^^^^^^^^^^^^^^ function or associated item not found in `interpreter::error::Error`
   | 
  ::: src/interpreter/error/mod.rs:32:1
   |
32 | pub struct Error {
   | ---------------- function or associated item `invalid_argument` not found for this

error[E0599]: no function or associated item named `invalid_argument_count` found for type `interpreter::error::Error` in the current scope
  --> src/interpreter/stdlib/builtin_functions/math/floor.rs:12:27
   |
12 |         return Err(Error::invalid_argument_count(
   |                           ^^^^^^^^^^^^^^^^^^^^^^
   |                           |
   |                           function or associated item not found in `interpreter::error::Error`
   |                           help: there is a method with a similar name: `invalid_argument_error`
   | 
  ::: src/interpreter/error/mod.rs:32:1
   |
32 | pub struct Error {
   | ---------------- function or associated item `invalid_argument_count` not found for this

error[E0599]: no function or associated item named `invalid_argument` found for type `interpreter::error::Error` in the current scope
  --> src/interpreter/stdlib/builtin_functions/math/floor.rs:23:32
   |
23 |         _ => return Err(Error::invalid_argument(
   |                                ^^^^^^^^^^^^^^^^ function or associated item not found in `interpreter::error::Error`
   | 
  ::: src/interpreter/error/mod.rs:32:1
   |
32 | pub struct Error {
   | ---------------- function or associated item `invalid_argument` not found for this

error[E0599]: no function or associated item named `invalid_argument_count` found for type `interpreter::error::Error` in the current scope
  --> src/interpreter/stdlib/builtin_functions/math/round.rs:12:27
   |
12 |         return Err(Error::invalid_argument_count(
   |                           ^^^^^^^^^^^^^^^^^^^^^^
   |                           |
   |                           function or associated item not found in `interpreter::error::Error`
   |                           help: there is a method with a similar name: `invalid_argument_error`
   | 
  ::: src/interpreter/error/mod.rs:32:1
   |
32 | pub struct Error {
   | ---------------- function or associated item `invalid_argument_count` not found for this

error[E0599]: no function or associated item named `invalid_argument` found for type `interpreter::error::Error` in the current scope
  --> src/interpreter/stdlib/builtin_functions/math/round.rs:23:32
   |
23 |         _ => return Err(Error::invalid_argument(
   |                                ^^^^^^^^^^^^^^^^ function or associated item not found in `interpreter::error::Error`
   | 
  ::: src/interpreter/error/mod.rs:32:1
   |
32 | pub struct Error {
   | ---------------- function or associated item `invalid_argument` not found for this

error[E0599]: no function or associated item named `invalid_argument_count` found for type `interpreter::error::Error` in the current scope
  --> src/interpreter/stdlib/builtin_functions/math/ceiling.rs:12:27
   |
12 |         return Err(Error::invalid_argument_count(
   |                           ^^^^^^^^^^^^^^^^^^^^^^
   |                           |
   |                           function or associated item not found in `interpreter::error::Error`
   |                           help: there is a method with a similar name: `invalid_argument_error`
   | 
  ::: src/interpreter/error/mod.rs:32:1
   |
32 | pub struct Error {
   | ---------------- function or associated item `invalid_argument_count` not found for this

error[E0599]: no function or associated item named `invalid_argument` found for type `interpreter::error::Error` in the current scope
  --> src/interpreter/stdlib/builtin_functions/math/ceiling.rs:23:32
   |
23 |         _ => return Err(Error::invalid_argument(
   |                                ^^^^^^^^^^^^^^^^ function or associated item not found in `interpreter::error::Error`
   | 
  ::: src/interpreter/error/mod.rs:32:1
   |
32 | pub struct Error {
   | ---------------- function or associated item `invalid_argument` not found for this

error[E0599]: no function or associated item named `invalid_argument_count` found for type `interpreter::error::Error` in the current scope
  --> src/interpreter/stdlib/builtin_functions/symbol/intern.rs:12:27
   |
12 |         return Err(Error::invalid_argument_count(
   |                           ^^^^^^^^^^^^^^^^^^^^^^
   |                           |
   |                           function or associated item not found in `interpreter::error::Error`
   |                           help: there is a method with a similar name: `invalid_argument_error`
   | 
  ::: src/interpreter/error/mod.rs:32:1
   |
32 | pub struct Error {
   | ---------------- function or associated item `invalid_argument_count` not found for this

error[E0599]: no function or associated item named `invalid_argument` found for type `interpreter::error::Error` in the current scope
  --> src/interpreter/stdlib/builtin_functions/symbol/intern.rs:22:32
   |
22 |         _ => return Err(Error::invalid_argument(
   |                                ^^^^^^^^^^^^^^^^ function or associated item not found in `interpreter::error::Error`
   | 
  ::: src/interpreter/error/mod.rs:32:1
   |
32 | pub struct Error {
   | ---------------- function or associated item `invalid_argument` not found for this

error[E0599]: no function or associated item named `invalid_argument_count` found for type `interpreter::error::Error` in the current scope
  --> src/interpreter/stdlib/builtin_functions/symbol/gensym.rs:12:27
   |
12 |         return Err(Error::invalid_argument_count(
   |                           ^^^^^^^^^^^^^^^^^^^^^^
   |                           |
   |                           function or associated item not found in `interpreter::error::Error`
   |                           help: there is a method with a similar name: `invalid_argument_error`
   | 
  ::: src/interpreter/error/mod.rs:32:1
   |
32 | pub struct Error {
   | ---------------- function or associated item `invalid_argument_count` not found for this

error[E0599]: no function or associated item named `invalid_argument` found for type `interpreter::error::Error` in the current scope
  --> src/interpreter/stdlib/builtin_functions/symbol/gensym.rs:25:36
   |
25 |             _ => return Err(Error::invalid_argument(
   |                                    ^^^^^^^^^^^^^^^^ function or associated item not found in `interpreter::error::Error`
   | 
  ::: src/interpreter/error/mod.rs:32:1
   |
32 | pub struct Error {
   | ---------------- function or associated item `invalid_argument` not found for this

error[E0599]: no function or associated item named `invalid_argument_count` found for type `interpreter::error::Error` in the current scope
  --> src/interpreter/stdlib/builtin_functions/symbol/lookup.rs:12:27
   |
12 |         return Err(Error::invalid_argument_count(
   |                           ^^^^^^^^^^^^^^^^^^^^^^
   |                           |
   |                           function or associated item not found in `interpreter::error::Error`
   |                           help: there is a method with a similar name: `invalid_argument_error`
   | 
  ::: src/interpreter/error/mod.rs:32:1
   |
32 | pub struct Error {
   | ---------------- function or associated item `invalid_argument_count` not found for this

error[E0599]: no function or associated item named `invalid_argument` found for type `interpreter::error::Error` in the current scope
  --> src/interpreter/stdlib/builtin_functions/symbol/lookup.rs:32:32
   |
32 |         _ => return Err(Error::invalid_argument(
   |                                ^^^^^^^^^^^^^^^^ function or associated item not found in `interpreter::error::Error`
   | 
  ::: src/interpreter/error/mod.rs:32:1
   |
32 | pub struct Error {
   | ---------------- function or associated item `invalid_argument` not found for this

error[E0599]: no function or associated item named `invalid_argument_count` found for type `interpreter::error::Error` in the current scope
  --> src/interpreter/stdlib/builtin_functions/symbol/flookup.rs:12:27
   |
12 |         return Err(Error::invalid_argument_count(
   |                           ^^^^^^^^^^^^^^^^^^^^^^
   |                           |
   |                           function or associated item not found in `interpreter::error::Error`
   |                           help: there is a method with a similar name: `invalid_argument_error`
   | 
  ::: src/interpreter/error/mod.rs:32:1
   |
32 | pub struct Error {
   | ---------------- function or associated item `invalid_argument_count` not found for this

error[E0599]: no function or associated item named `invalid_argument` found for type `interpreter::error::Error` in the current scope
  --> src/interpreter/stdlib/builtin_functions/symbol/flookup.rs:32:32
   |
32 |         _ => return Err(Error::invalid_argument(
   |                                ^^^^^^^^^^^^^^^^ function or associated item not found in `interpreter::error::Error`
   | 
  ::: src/interpreter/error/mod.rs:32:1
   |
32 | pub struct Error {
   | ---------------- function or associated item `invalid_argument` not found for this

error[E0599]: no function or associated item named `invalid_argument_count` found for type `interpreter::error::Error` in the current scope
  --> src/interpreter/stdlib/builtin_functions/object/object_new.rs:12:27
   |
12 |         return Err(Error::invalid_argument_count(
   |                           ^^^^^^^^^^^^^^^^^^^^^^
   |                           |
   |                           function or associated item not found in `interpreter::error::Error`
   |                           help: there is a method with a similar name: `invalid_argument_error`
   | 
  ::: src/interpreter/error/mod.rs:32:1
   |
32 | pub struct Error {
   | ---------------- function or associated item `invalid_argument_count` not found for this

error[E0599]: no function or associated item named `invalid_argument` found for type `interpreter::error::Error` in the current scope
  --> src/interpreter/stdlib/builtin_functions/object/object_new.rs:24:36
   |
24 |             _ => return Err(Error::invalid_argument(
   |                                    ^^^^^^^^^^^^^^^^ function or associated item not found in `interpreter::error::Error`
   | 
  ::: src/interpreter/error/mod.rs:32:1
   |
32 | pub struct Error {
   | ---------------- function or associated item `invalid_argument` not found for this

error[E0599]: no function or associated item named `invalid_argument_count` found for type `interpreter::error::Error` in the current scope
  --> src/interpreter/stdlib/builtin_functions/object/object_make.rs:12:27
   |
12 |         return Err(Error::invalid_argument_count(
   |                           ^^^^^^^^^^^^^^^^^^^^^^
   |                           |
   |                           function or associated item not found in `interpreter::error::Error`
   |                           help: there is a method with a similar name: `invalid_argument_error`
   | 
  ::: src/interpreter/error/mod.rs:32:1
   |
32 | pub struct Error {
   | ---------------- function or associated item `invalid_argument_count` not found for this

error[E0599]: no function or associated item named `invalid_argument` found for type `interpreter::error::Error` in the current scope
  --> src/interpreter/stdlib/builtin_functions/object/object_make.rs:34:31
   |
34 |             return Err(Error::invalid_argument(
   |                               ^^^^^^^^^^^^^^^^ function or associated item not found in `interpreter::error::Error`
   | 
  ::: src/interpreter/error/mod.rs:32:1
   |
32 | pub struct Error {
   | ---------------- function or associated item `invalid_argument` not found for this

error[E0599]: no function or associated item named `invalid_argument_count` found for type `interpreter::error::Error` in the current scope
  --> src/interpreter/stdlib/builtin_functions/object/object_get.rs:12:27
   |
12 |         return Err(Error::invalid_argument_count(
   |                           ^^^^^^^^^^^^^^^^^^^^^^
   |                           |
   |                           function or associated item not found in `interpreter::error::Error`
   |                           help: there is a method with a similar name: `invalid_argument_error`
   | 
  ::: src/interpreter/error/mod.rs:32:1
   |
32 | pub struct Error {
   | ---------------- function or associated item `invalid_argument_count` not found for this

error[E0599]: no function or associated item named `invalid_argument` found for type `interpreter::error::Error` in the current scope
  --> src/interpreter/stdlib/builtin_functions/object/object_get.rs:21:32
   |
21 |         _ => return Err(Error::invalid_argument(
   |                                ^^^^^^^^^^^^^^^^ function or associated item not found in `interpreter::error::Error`
   | 
  ::: src/interpreter/error/mod.rs:32:1
   |
32 | pub struct Error {
   | ---------------- function or associated item `invalid_argument` not found for this

error[E0599]: no function or associated item named `invalid_argument` found for type `interpreter::error::Error` in the current scope
  --> src/interpreter/stdlib/builtin_functions/object/object_get.rs:29:32
   |
29 |         _ => return Err(Error::invalid_argument(
   |                                ^^^^^^^^^^^^^^^^ function or associated item not found in `interpreter::error::Error`
   | 
  ::: src/interpreter/error/mod.rs:32:1
   |
32 | pub struct Error {
   | ---------------- function or associated item `invalid_argument` not found for this

error[E0308]: mismatched types
  --> src/interpreter/stdlib/builtin_functions/object/object_get.rs:39:13
   |
39 |             interpreter,
   |             ^^^^^^^^^^^ expected struct `interpreter::symbol::Symbol`, found mutable reference
   |
   = note: expected type `interpreter::symbol::Symbol`
              found type `&mut interpreter::interpreter::Interpreter`

error[E0599]: no function or associated item named `invalid_argument_count` found for type `interpreter::error::Error` in the current scope
  --> src/interpreter/stdlib/builtin_functions/object/object_set.rs:12:27
   |
12 |         return Err(Error::invalid_argument_count(
   |                           ^^^^^^^^^^^^^^^^^^^^^^
   |                           |
   |                           function or associated item not found in `interpreter::error::Error`
   |                           help: there is a method with a similar name: `invalid_argument_error`
   | 
  ::: src/interpreter/error/mod.rs:32:1
   |
32 | pub struct Error {
   | ---------------- function or associated item `invalid_argument_count` not found for this

error[E0599]: no function or associated item named `invalid_argument` found for type `interpreter::error::Error` in the current scope
  --> src/interpreter/stdlib/builtin_functions/object/object_set.rs:21:32
   |
21 |         _ => return Err(Error::invalid_argument(
   |                                ^^^^^^^^^^^^^^^^ function or associated item not found in `interpreter::error::Error`
   | 
  ::: src/interpreter/error/mod.rs:32:1
   |
32 | pub struct Error {
   | ---------------- function or associated item `invalid_argument` not found for this

error[E0599]: no function or associated item named `invalid_argument` found for type `interpreter::error::Error` in the current scope
  --> src/interpreter/stdlib/builtin_functions/object/object_set.rs:29:32
   |
29 |         _ => return Err(Error::invalid_argument(
   |                                ^^^^^^^^^^^^^^^^ function or associated item not found in `interpreter::error::Error`
   | 
  ::: src/interpreter/error/mod.rs:32:1
   |
32 | pub struct Error {
   | ---------------- function or associated item `invalid_argument` not found for this

error[E0599]: no function or associated item named `invalid_argument_count` found for type `interpreter::error::Error` in the current scope
  --> src/interpreter/stdlib/builtin_functions/object/object_get_proto.rs:12:27
   |
12 |         return Err(Error::invalid_argument_count(
   |                           ^^^^^^^^^^^^^^^^^^^^^^
   |                           |
   |                           function or associated item not found in `interpreter::error::Error`
   |                           help: there is a method with a similar name: `invalid_argument_error`
   | 
  ::: src/interpreter/error/mod.rs:32:1
   |
32 | pub struct Error {
   | ---------------- function or associated item `invalid_argument_count` not found for this

error[E0599]: no function or associated item named `invalid_argument` found for type `interpreter::error::Error` in the current scope
  --> src/interpreter/stdlib/builtin_functions/object/object_get_proto.rs:21:32
   |
21 |         _ => return Err(Error::invalid_argument(
   |                                ^^^^^^^^^^^^^^^^ function or associated item not found in `interpreter::error::Error`
   | 
  ::: src/interpreter/error/mod.rs:32:1
   |
32 | pub struct Error {
   | ---------------- function or associated item `invalid_argument` not found for this

error[E0599]: no function or associated item named `invalid_argument_count` found for type `interpreter::error::Error` in the current scope
  --> src/interpreter/stdlib/builtin_functions/object/object_set_proto.rs:12:27
   |
12 |         return Err(Error::invalid_argument_count(
   |                           ^^^^^^^^^^^^^^^^^^^^^^
   |                           |
   |                           function or associated item not found in `interpreter::error::Error`
   |                           help: there is a method with a similar name: `invalid_argument_error`
   | 
  ::: src/interpreter/error/mod.rs:32:1
   |
32 | pub struct Error {
   | ---------------- function or associated item `invalid_argument_count` not found for this

error[E0599]: no function or associated item named `invalid_argument` found for type `interpreter::error::Error` in the current scope
  --> src/interpreter/stdlib/builtin_functions/object/object_set_proto.rs:21:32
   |
21 |         _ => return Err(Error::invalid_argument(
   |                                ^^^^^^^^^^^^^^^^ function or associated item not found in `interpreter::error::Error`
   | 
  ::: src/interpreter/error/mod.rs:32:1
   |
32 | pub struct Error {
   | ---------------- function or associated item `invalid_argument` not found for this

error[E0599]: no function or associated item named `invalid_argument` found for type `interpreter::error::Error` in the current scope
  --> src/interpreter/stdlib/builtin_functions/object/object_set_proto.rs:29:32
   |
29 |         _ => return Err(Error::invalid_argument(
   |                                ^^^^^^^^^^^^^^^^ function or associated item not found in `interpreter::error::Error`
   | 
  ::: src/interpreter/error/mod.rs:32:1
   |
32 | pub struct Error {
   | ---------------- function or associated item `invalid_argument` not found for this

error[E0599]: no function or associated item named `invalid_argument_count` found for type `interpreter::error::Error` in the current scope
  --> src/interpreter/stdlib/builtin_functions/list/cons.rs:12:27
   |
12 |         return Err(Error::invalid_argument_count(
   |                           ^^^^^^^^^^^^^^^^^^^^^^
   |                           |
   |                           function or associated item not found in `interpreter::error::Error`
   |                           help: there is a method with a similar name: `invalid_argument_error`
   | 
  ::: src/interpreter/error/mod.rs:32:1
   |
32 | pub struct Error {
   | ---------------- function or associated item `invalid_argument_count` not found for this

error[E0599]: no function or associated item named `invalid_argument_count` found for type `interpreter::error::Error` in the current scope
  --> src/interpreter/stdlib/builtin_functions/list/car.rs:12:27
   |
12 |         return Err(Error::invalid_argument_count(
   |                           ^^^^^^^^^^^^^^^^^^^^^^
   |                           |
   |                           function or associated item not found in `interpreter::error::Error`
   |                           help: there is a method with a similar name: `invalid_argument_error`
   | 
  ::: src/interpreter/error/mod.rs:32:1
   |
32 | pub struct Error {
   | ---------------- function or associated item `invalid_argument_count` not found for this

error[E0308]: mismatched types
  --> src/interpreter/stdlib/builtin_functions/list/car.rs:21:36
   |
21 |         Value::Cons(cons_id) => Ok(interpreter.get_car(&cons_id).clone()),
   |                                    ^^^^^^^^^^^^^^^^^^^^^^^^^^^^^^^^^^^^^ expected enum `interpreter::value::Value`, found enum `std::result::Result`
   |
   = note: expected type `interpreter::value::Value`
              found type `std::result::Result<&interpreter::value::Value, interpreter::error::Error>`

error[E0599]: no function or associated item named `invalid_argument` found for type `interpreter::error::Error` in the current scope
  --> src/interpreter/stdlib/builtin_functions/list/car.rs:22:32
   |
22 |         _ => return Err(Error::invalid_argument(
   |                                ^^^^^^^^^^^^^^^^ function or associated item not found in `interpreter::error::Error`
   | 
  ::: src/interpreter/error/mod.rs:32:1
   |
32 | pub struct Error {
   | ---------------- function or associated item `invalid_argument` not found for this

error[E0599]: no function or associated item named `invalid_argument_count` found for type `interpreter::error::Error` in the current scope
  --> src/interpreter/stdlib/builtin_functions/list/cdr.rs:12:27
   |
12 |         return Err(Error::invalid_argument_count(
   |                           ^^^^^^^^^^^^^^^^^^^^^^
   |                           |
   |                           function or associated item not found in `interpreter::error::Error`
   |                           help: there is a method with a similar name: `invalid_argument_error`
   | 
  ::: src/interpreter/error/mod.rs:32:1
   |
32 | pub struct Error {
   | ---------------- function or associated item `invalid_argument_count` not found for this

error[E0599]: no function or associated item named `invalid_argument` found for type `interpreter::error::Error` in the current scope
  --> src/interpreter/stdlib/builtin_functions/list/cdr.rs:22:32
   |
22 |         _ => return Err(Error::invalid_argument(
   |                                ^^^^^^^^^^^^^^^^ function or associated item not found in `interpreter::error::Error`
   | 
  ::: src/interpreter/error/mod.rs:32:1
   |
32 | pub struct Error {
   | ---------------- function or associated item `invalid_argument` not found for this

error[E0308]: mismatched types
   --> src/interpreter/interpreter.rs:120:33
    |
120 |                 self.deep_equal(car1, car2) &&
    |                                 ^^^^ expected reference, found enum `std::result::Result`
    |
    = note: expected type `&interpreter::value::Value`
               found type `std::result::Result<&interpreter::value::Value, interpreter::error::Error>`

error[E0308]: mismatched types
   --> src/interpreter/interpreter.rs:120:39
    |
120 |                 self.deep_equal(car1, car2) &&
    |                                       ^^^^ expected reference, found enum `std::result::Result`
    |
    = note: expected type `&interpreter::value::Value`
               found type `std::result::Result<&interpreter::value::Value, interpreter::error::Error>`

error[E0599]: no function or associated item named `invalid_argument` found for type `interpreter::error::Error` in the current scope
   --> src/interpreter/interpreter.rs:143:29
    |
143 |             _ => Err(Error::invalid_argument(self, ""))
    |                             ^^^^^^^^^^^^^^^^ function or associated item not found in `interpreter::error::Error`
    | 
   ::: src/interpreter/error/mod.rs:32:1
    |
32  | pub struct Error {
    | ---------------- function or associated item `invalid_argument` not found for this

error[E0308]: mismatched types
   --> src/interpreter/interpreter.rs:148:9
    |
148 |         self.cons_arena.get_cdr(&cons_id)
    |         ^^^^^^^^^^^^^^^^^^^^^^^^^^^^^^^^^ expected reference, found enum `std::result::Result`
    |
    = note: expected type `&interpreter::value::Value`
               found type `std::result::Result<&interpreter::value::Value, ()>`

error[E0308]: mismatched types
   --> src/interpreter/interpreter.rs:152:9
    |
151 |     pub fn get_cadr(&self, cons_id: &ConsId) -> Result<Value, Error> {
    |                                                 -------------------- expected `std::result::Result<interpreter::value::Value, interpreter::error::Error>` because of return type
152 |         self.cons_arena.get_cadr(&cons_id)
    |         ^^^^^^^^^^^^^^^^^^^^^^^^^^^^^^^^^^ expected struct `interpreter::error::Error`, found ()
    |
    = note: expected type `std::result::Result<_, interpreter::error::Error>`
               found type `std::result::Result<_, ()>`

error[E0308]: mismatched types
   --> src/interpreter/interpreter.rs:156:9
    |
155 |     pub fn get_cddr(&self, cons_id: &ConsId) -> Result<Value, Error> {
    |                                                 -------------------- expected `std::result::Result<interpreter::value::Value, interpreter::error::Error>` because of return type
156 |         self.cons_arena.get_cddr(&cons_id)
    |         ^^^^^^^^^^^^^^^^^^^^^^^^^^^^^^^^^^ expected struct `interpreter::error::Error`, found ()
    |
    = note: expected type `std::result::Result<_, interpreter::error::Error>`
               found type `std::result::Result<_, ()>`

error[E0308]: mismatched types
   --> src/interpreter/interpreter.rs:160:9
    |
159 |     pub fn set_car(&mut self, cons_id: &ConsId, value: Value) {
    |                                                               - expected `()` because of default return type
160 |         self.cons_arena.set_car(&cons_id, value)
    |         ^^^^^^^^^^^^^^^^^^^^^^^^^^^^^^^^^^^^^^^^- help: try adding a semicolon: `;`
    |         |
    |         expected (), found enum `std::result::Result`
    |
    = note: expected type `()`
               found type `std::result::Result<(), ()>`

error[E0308]: mismatched types
   --> src/interpreter/interpreter.rs:164:9
    |
163 |     pub fn set_cdr(&mut self, cons_id: &ConsId, value: Value) {
    |                                                               - expected `()` because of default return type
164 |         self.cons_arena.set_cdr(&cons_id, value)
    |         ^^^^^^^^^^^^^^^^^^^^^^^^^^^^^^^^^^^^^^^^- help: try adding a semicolon: `;`
    |         |
    |         expected (), found enum `std::result::Result`
    |
    = note: expected type `()`
               found type `std::result::Result<(), ()>`

error[E0308]: mismatched types
   --> src/interpreter/interpreter.rs:174:9
    |
173 |     pub fn cons_to_vec(&mut self, cons_id: &ConsId) -> Vec<Value> {
    |                                                        ---------- expected `std::vec::Vec<interpreter::value::Value>` because of return type
174 |         self.cons_arena.cons_to_vec(cons_id)
    |         ^^^^^^^^^^^^^^^^^^^^^^^^^^^^^^^^^^^^ expected struct `std::vec::Vec`, found enum `std::result::Result`
    |
    = note: expected type `std::vec::Vec<_>`
               found type `std::result::Result<std::vec::Vec<_>, ()>`

error[E0308]: mismatched types
   --> src/interpreter/interpreter.rs:199:9
    |
198 |     ) -> Result<(), Error> {
    |          ----------------- expected `std::result::Result<(), interpreter::error::Error>` because of return type
199 |         self.environment_arena.define_variable(environment, symbol, value)
    |         ^^^^^^^^^^^^^^^^^^^^^^^^^^^^^^^^^^^^^^^^^^^^^^^^^^^^^^^^^^^^^^^^^^ expected struct `interpreter::error::Error`, found ()
    |
    = note: expected type `std::result::Result<_, interpreter::error::Error>`
               found type `std::result::Result<_, ()>`

error[E0308]: mismatched types
   --> src/interpreter/interpreter.rs:208:9
    |
207 |     ) -> Result<(), Error> {
    |          ----------------- expected `std::result::Result<(), interpreter::error::Error>` because of return type
208 |         self.environment_arena.define_function(environment, symbol, value)
    |         ^^^^^^^^^^^^^^^^^^^^^^^^^^^^^^^^^^^^^^^^^^^^^^^^^^^^^^^^^^^^^^^^^^ expected struct `interpreter::error::Error`, found ()
    |
    = note: expected type `std::result::Result<_, interpreter::error::Error>`
               found type `std::result::Result<_, ()>`

error[E0308]: mismatched types
   --> src/interpreter/interpreter.rs:217:9
    |
216 |     ) -> Result<(), Error> {
    |          ----------------- expected `std::result::Result<(), interpreter::error::Error>` because of return type
217 |         self.environment_arena.set_variable(environment, symbol, value)
    |         ^^^^^^^^^^^^^^^^^^^^^^^^^^^^^^^^^^^^^^^^^^^^^^^^^^^^^^^^^^^^^^^ expected struct `interpreter::error::Error`, found ()
    |
    = note: expected type `std::result::Result<_, interpreter::error::Error>`
               found type `std::result::Result<_, ()>`

error[E0308]: mismatched types
   --> src/interpreter/interpreter.rs:226:9
    |
225 |     ) -> Result<(), Error> {
    |          ----------------- expected `std::result::Result<(), interpreter::error::Error>` because of return type
226 |         self.environment_arena.set_function(environment, symbol, value)
    |         ^^^^^^^^^^^^^^^^^^^^^^^^^^^^^^^^^^^^^^^^^^^^^^^^^^^^^^^^^^^^^^^ expected struct `interpreter::error::Error`, found ()
    |
    = note: expected type `std::result::Result<_, interpreter::error::Error>`
               found type `std::result::Result<_, ()>`

error[E0061]: this function takes 1 parameter but 0 parameters were supplied
   --> src/interpreter/interpreter.rs:236:25
    |
236 |             None => Err(Error::empty())
    |                         ^^^^^^^^^^^^^^ expected 1 parameter
    | 
   ::: src/interpreter/error/mod.rs:100:5
    |
100 |     pub fn empty(symbol: Symbol) -> Error {
    |     ------------------------------------- defined here

error[E0061]: this function takes 1 parameter but 0 parameters were supplied
   --> src/interpreter/interpreter.rs:247:25
    |
247 |             None => Err(Error::empty())
    |                         ^^^^^^^^^^^^^^ expected 1 parameter
    | 
   ::: src/interpreter/error/mod.rs:100:5
    |
100 |     pub fn empty(symbol: Symbol) -> Error {
    |     ------------------------------------- defined here

error[E0308]: mismatched types
   --> src/interpreter/interpreter.rs:332:13
    |
331 |         match self.cons_arena.get_cdr(cons_id).clone() {
    |               ---------------------------------------- this match expression has type `std::result::Result<&interpreter::value::Value, ()>`
332 |             Value::Cons(cons) => Ok(self.cons_to_vec(&cons)),
    |             ^^^^^^^^^^^^^^^^^ expected enum `std::result::Result`, found enum `interpreter::value::Value`
    |
    = note: expected type `std::result::Result<&interpreter::value::Value, ()>`
               found type `interpreter::value::Value`

error[E0308]: mismatched types
   --> src/interpreter/interpreter.rs:333:13
    |
331 |         match self.cons_arena.get_cdr(cons_id).clone() {
    |               ---------------------------------------- this match expression has type `std::result::Result<&interpreter::value::Value, ()>`
332 |             Value::Cons(cons) => Ok(self.cons_to_vec(&cons)),
333 |             Value::Symbol(symbol) if symbol.is_nil() => Ok(Vec::new()),
    |             ^^^^^^^^^^^^^^^^^^^^^ expected enum `std::result::Result`, found enum `interpreter::value::Value`
    |
    = note: expected type `std::result::Result<&interpreter::value::Value, ()>`
               found type `interpreter::value::Value`

error[E0308]: mismatched types
   --> src/interpreter/interpreter.rs:334:13
    |
331 |         match self.cons_arena.get_cdr(cons_id).clone() {
    |               ---------------------------------------- this match expression has type `std::result::Result<&interpreter::value::Value, ()>`
...
334 |             Value::Symbol(_) => Err(Error::empty()),
    |             ^^^^^^^^^^^^^^^^ expected enum `std::result::Result`, found enum `interpreter::value::Value`
    |
    = note: expected type `std::result::Result<&interpreter::value::Value, ()>`
               found type `interpreter::value::Value`

error[E0061]: this function takes 1 parameter but 0 parameters were supplied
   --> src/interpreter/interpreter.rs:334:37
    |
334 |             Value::Symbol(_) => Err(Error::empty()),
    |                                     ^^^^^^^^^^^^^^ expected 1 parameter
    | 
   ::: src/interpreter/error/mod.rs:100:5
    |
100 |     pub fn empty(symbol: Symbol) -> Error {
    |     ------------------------------------- defined here

error[E0061]: this function takes 1 parameter but 0 parameters were supplied
   --> src/interpreter/interpreter.rs:335:22
    |
335 |             _ => Err(Error::empty())
    |                      ^^^^^^^^^^^^^^ expected 1 parameter
    | 
   ::: src/interpreter/error/mod.rs:100:5
    |
100 |     pub fn empty(symbol: Symbol) -> Error {
    |     ------------------------------------- defined here

error[E0061]: this function takes 1 parameter but 0 parameters were supplied
   --> src/interpreter/interpreter.rs:345:38
    |
345 |                 Err(_) => return Err(Error::empty())
    |                                      ^^^^^^^^^^^^^^ expected 1 parameter
    | 
   ::: src/interpreter/error/mod.rs:100:5
    |
100 |     pub fn empty(symbol: Symbol) -> Error {
    |     ------------------------------------- defined here

error[E0061]: this function takes 1 parameter but 0 parameters were supplied
   --> src/interpreter/interpreter.rs:380:33
    |
380 |                 _ => return Err(Error::empty())
    |                                 ^^^^^^^^^^^^^^ expected 1 parameter
    | 
   ::: src/interpreter/error/mod.rs:100:5
    |
100 |     pub fn empty(symbol: Symbol) -> Error {
    |     ------------------------------------- defined here

error[E0061]: this function takes 1 parameter but 0 parameters were supplied
   --> src/interpreter/interpreter.rs:393:24
    |
393 |             return Err(Error::empty());
    |                        ^^^^^^^^^^^^^^ expected 1 parameter
    | 
   ::: src/interpreter/error/mod.rs:100:5
    |
100 |     pub fn empty(symbol: Symbol) -> Error {
    |     ------------------------------------- defined here

error[E0061]: this function takes 1 parameter but 0 parameters were supplied
   --> src/interpreter/interpreter.rs:448:24
    |
448 |             return Err(Error::empty());
    |                        ^^^^^^^^^^^^^^ expected 1 parameter
    | 
   ::: src/interpreter/error/mod.rs:100:5
    |
100 |     pub fn empty(symbol: Symbol) -> Error {
    |     ------------------------------------- defined here

error[E0061]: this function takes 1 parameter but 0 parameters were supplied
   --> src/interpreter/interpreter.rs:561:24
    |
561 |             return Err(Error::empty());
    |                        ^^^^^^^^^^^^^^ expected 1 parameter
    | 
   ::: src/interpreter/error/mod.rs:100:5
    |
100 |     pub fn empty(symbol: Symbol) -> Error {
    |     ------------------------------------- defined here

error[E0061]: this function takes 1 parameter but 0 parameters were supplied
   --> src/interpreter/interpreter.rs:573:37
    |
573 |                     _ => return Err(Error::empty())
    |                                     ^^^^^^^^^^^^^^ expected 1 parameter
    | 
   ::: src/interpreter/error/mod.rs:100:5
    |
100 |     pub fn empty(symbol: Symbol) -> Error {
    |     ------------------------------------- defined here

error[E0061]: this function takes 1 parameter but 0 parameters were supplied
   --> src/interpreter/interpreter.rs:576:29
    |
576 |             _ => return Err(Error::empty())
    |                             ^^^^^^^^^^^^^^ expected 1 parameter
    | 
   ::: src/interpreter/error/mod.rs:100:5
    |
100 |     pub fn empty(symbol: Symbol) -> Error {
    |     ------------------------------------- defined here

error[E0308]: mismatched types
   --> src/interpreter/interpreter.rs:589:13
    |
588 |         match car_value {
    |               --------- this match expression has type `std::result::Result<&interpreter::value::Value, ()>`
589 |             Value::Symbol(func_name) => {
    |             ^^^^^^^^^^^^^^^^^^^^^^^^ expected enum `std::result::Result`, found enum `interpreter::value::Value`
    |
    = note: expected type `std::result::Result<&interpreter::value::Value, ()>`
               found type `interpreter::value::Value`

error[E0308]: mismatched types
   --> src/interpreter/interpreter.rs:602:13
    |
588 |         match car_value {
    |               --------- this match expression has type `std::result::Result<&interpreter::value::Value, ()>`
...
602 |             Value::Function(func) => self.evaluate_s_expression_function_invocation(
    |             ^^^^^^^^^^^^^^^^^^^^^ expected enum `std::result::Result`, found enum `interpreter::value::Value`
    |
    = note: expected type `std::result::Result<&interpreter::value::Value, ()>`
               found type `interpreter::value::Value`

error[E0308]: mismatched types
   --> src/interpreter/interpreter.rs:607:13
    |
588 |         match car_value {
    |               --------- this match expression has type `std::result::Result<&interpreter::value::Value, ()>`
...
607 |             Value::Cons(cons_id) => {
    |             ^^^^^^^^^^^^^^^^^^^^ expected enum `std::result::Result`, found enum `interpreter::value::Value`
    |
    = note: expected type `std::result::Result<&interpreter::value::Value, ()>`
               found type `interpreter::value::Value`

error[E0308]: mismatched types
   --> src/interpreter/interpreter.rs:620:13
    |
588 |         match car_value {
    |               --------- this match expression has type `std::result::Result<&interpreter::value::Value, ()>`
...
620 |             Value::Keyword(keyword_name) => self.evaluate_s_expression_keyword(
    |             ^^^^^^^^^^^^^^^^^^^^^^^^^^^^ expected enum `std::result::Result`, found enum `interpreter::value::Value`
    |
    = note: expected type `std::result::Result<&interpreter::value::Value, ()>`
               found type `interpreter::value::Value`

error[E0061]: this function takes 1 parameter but 0 parameters were supplied
   --> src/interpreter/interpreter.rs:592:41
    |
592 |                     Ok(_) => return Err(Error::empty()),
    |                                         ^^^^^^^^^^^^^^ expected 1 parameter
    | 
   ::: src/interpreter/error/mod.rs:100:5
    |
100 |     pub fn empty(symbol: Symbol) -> Error {
    |     ------------------------------------- defined here

error[E0061]: this function takes 1 parameter but 0 parameters were supplied
   --> src/interpreter/interpreter.rs:610:41
    |
610 |                     Ok(_) => return Err(Error::empty()),
    |                                         ^^^^^^^^^^^^^^ expected 1 parameter
    | 
   ::: src/interpreter/error/mod.rs:100:5
    |
100 |     pub fn empty(symbol: Symbol) -> Error {
    |     ------------------------------------- defined here

error[E0061]: this function takes 1 parameter but 0 parameters were supplied
   --> src/interpreter/interpreter.rs:625:29
    |
625 |             _ => return Err(Error::empty())
    |                             ^^^^^^^^^^^^^^ expected 1 parameter
    | 
   ::: src/interpreter/error/mod.rs:100:5
    |
100 |     pub fn empty(symbol: Symbol) -> Error {
    |     ------------------------------------- defined here

error[E0061]: this function takes 1 parameter but 0 parameters were supplied
   --> src/interpreter/interpreter.rs:648:24
    |
648 |             return Err(Error::empty());
    |                        ^^^^^^^^^^^^^^ expected 1 parameter
    | 
   ::: src/interpreter/error/mod.rs:100:5
    |
100 |     pub fn empty(symbol: Symbol) -> Error {
    |     ------------------------------------- defined here

error[E0061]: this function takes 1 parameter but 0 parameters were supplied
   --> src/interpreter/interpreter.rs:655:24
    |
655 |             return Err(Error::empty());
    |                        ^^^^^^^^^^^^^^ expected 1 parameter
    | 
   ::: src/interpreter/error/mod.rs:100:5
    |
100 |     pub fn empty(symbol: Symbol) -> Error {
    |     ------------------------------------- defined here

error[E0061]: this function takes 1 parameter but 0 parameters were supplied
   --> src/interpreter/interpreter.rs:859:34
    |
859 |                         _ => Err(Error::empty())
    |                                  ^^^^^^^^^^^^^^ expected 1 parameter
    | 
   ::: src/interpreter/error/mod.rs:100:5
    |
100 |     pub fn empty(symbol: Symbol) -> Error {
    |     ------------------------------------- defined here

error: aborting due to 182 previous errors

Some errors have detailed explanations: E0061, E0277, E0308, E0599.
For more information about an error, try `rustc --explain E0061`.
error: could not compile `test_interpreter`.

To learn more, run the command again with --verbose.
